05-12-2021 10:23:23  <h2> Thank you for your rating! Have a nice day! </h2>
05-12-2021 10:23:27  <h2> Thank you for your rating! Have a nice day! </h2>
05-12-2021 10:24:08  <h2> Thank you for your rating! Have a nice day! </h2>
09-12-2021 01:36:58  Msg: wonderful
09-12-2021 03:30:24  Msg: How do I contact the team?
09-12-2021 03:38:42  Amazing platform!
09-12-2021 03:42:53  I dont know what to say
09-12-2021 03:52:22  How do I contact your team?
09-12-2021 05:06:19  Alright, no problem
09-12-2021 05:18:04  Good work, I like the bot very much. Keep it up team!
09-12-2021 08:25:59  Let's do our best to be the best chatbot!
09-12-2021 09:18:23  Who developed this amazing chatbot? I would like to know
09-12-2021 12:06:05  Good work!
10-12-2021 16:22:44  Awesome improvement. Keep going!
11-12-2021 15:29:46  Return to Menu
11-12-2021 15:32:48  Location Access
12-12-2021 03:04:16  Add more contents and this will be a great chatbot! Kudos to the team!
12-12-2021 03:23:52  OK, feedback to NEA regarding stalls hygiene in machperson Circuit Road stalls.
12-12-2021 08:05:18  Return to Menu
12-12-2021 08:13:53  Return to Menu
12-12-2021 11:00:57  Return to Menu
12-12-2021 11:08:35  I will like to feedback on the app platform. Thank you
12-12-2021 12:39:23  Cool
12-12-2021 14:03:19  Hello world!
12-12-2021 14:03:56  Return to Menu
12-12-2021 14:47:31  Return to Menu
12-12-2021 14:52:47  Return to Menu
12-12-2021 15:08:10  General
13-12-2021 11:36:52  Return to Menu
13-12-2021 13:40:32  Thank you !
14-12-2021 02:34:12  Return to Menu
